<?xml version="1.0" encoding="UTF-8"?>
<coverage generated="1525870615697" clover="3.2.0">
  <project timestamp="1525870615697" name="All files">
    <metrics statements="63" coveredstatements="10" conditionals="10" coveredconditionals="1" methods="21" coveredmethods="9" elements="94" coveredelements="20" complexity="0" loc="63" ncloc="63" packages="4" files="16" classes="16">
      <package name="app">
        <metrics statements="5" coveredstatements="0" conditionals="0" coveredconditionals="0" methods="0" coveredmethods="0"/>
        <file name="index.js" path="C:\Users\Stanislav_Bozhanov\Projects\react-mentoring\app\index.js">
          <metrics statements="5" coveredstatements="0" conditionals="0" coveredconditionals="0" methods="0" coveredmethods="0"/>
          <line num="1" count="0" type="stmt"/>
          <line num="2" count="0" type="stmt"/>
          <line num="3" count="0" type="stmt"/>
          <line num="6" count="0" type="stmt"/>
          <line num="9" count="0" type="stmt"/>
        </file>
      </package>
      <package name="app.components">
        <metrics statements="41" coveredstatements="7" conditionals="8" coveredconditionals="0" methods="13" coveredmethods="6"/>
        <file name="App.js" path="C:\Users\Stanislav_Bozhanov\Projects\react-mentoring\app\components\App.js">
          <metrics statements="8" coveredstatements="0" conditionals="0" coveredconditionals="0" methods="0" coveredmethods="0"/>
          <line num="1" count="0" type="stmt"/>
          <line num="2" count="0" type="stmt"/>
          <line num="3" count="0" type="stmt"/>
          <line num="4" count="0" type="stmt"/>
          <line num="5" count="0" type="stmt"/>
          <line num="6" count="0" type="stmt"/>
          <line num="7" count="0" type="stmt"/>
          <line num="12" count="0" type="stmt"/>
        </file>
        <file name="Dashboard.js" path="C:\Users\Stanislav_Bozhanov\Projects\react-mentoring\app\components\Dashboard.js">
          <metrics statements="15" coveredstatements="0" conditionals="2" coveredconditionals="0" methods="5" coveredmethods="0"/>
          <line num="1" count="0" type="stmt"/>
          <line num="2" count="0" type="stmt"/>
          <line num="3" count="0" type="stmt"/>
          <line num="4" count="0" type="stmt"/>
          <line num="8" count="0" type="cond" truecount="0" falsecount="2"/>
          <line num="10" count="0" type="stmt"/>
          <line num="16" count="0" type="stmt"/>
          <line num="17" count="0" type="stmt"/>
          <line num="18" count="0" type="stmt"/>
          <line num="19" count="0" type="stmt"/>
          <line num="23" count="0" type="stmt"/>
          <line num="25" count="0" type="stmt"/>
          <line num="26" count="0" type="stmt"/>
          <line num="28" count="0" type="stmt"/>
          <line num="32" count="0" type="stmt"/>
        </file>
        <file name="ErrorBoundary.js" path="C:\Users\Stanislav_Bozhanov\Projects\react-mentoring\app\components\ErrorBoundary.js">
          <metrics statements="7" coveredstatements="0" conditionals="6" coveredconditionals="0" methods="1" coveredmethods="0"/>
          <line num="1" count="0" type="stmt"/>
          <line num="5" count="0" type="cond" truecount="0" falsecount="2"/>
          <line num="7" count="0" type="stmt"/>
          <line num="11" count="0" type="stmt"/>
          <line num="19" count="0" type="cond" truecount="0" falsecount="2"/>
          <line num="20" count="0" type="stmt"/>
          <line num="31" count="0" type="stmt"/>
        </file>
        <file name="Footer.js" path="C:\Users\Stanislav_Bozhanov\Projects\react-mentoring\app\components\Footer.js">
          <metrics statements="1" coveredstatements="1" conditionals="0" coveredconditionals="0" methods="1" coveredmethods="1"/>
          <line num="3" count="1" type="stmt"/>
        </file>
        <file name="NotFound.js" path="C:\Users\Stanislav_Bozhanov\Projects\react-mentoring\app\components\NotFound.js">
          <metrics statements="3" coveredstatements="0" conditionals="0" coveredconditionals="0" methods="0" coveredmethods="0"/>
          <line num="1" count="0" type="stmt"/>
          <line num="2" count="0" type="stmt"/>
          <line num="7" count="0" type="stmt"/>
        </file>
        <file name="ResultBar.js" path="C:\Users\Stanislav_Bozhanov\Projects\react-mentoring\app\components\ResultBar.js">
          <metrics statements="3" coveredstatements="3" conditionals="0" coveredconditionals="0" methods="2" coveredmethods="2"/>
          <line num="6" count="1" type="stmt"/>
          <line num="7" count="1" type="stmt"/>
          <line num="14" count="1" type="stmt"/>
        </file>
        <file name="SearchBar.js" path="C:\Users\Stanislav_Bozhanov\Projects\react-mentoring\app\components\SearchBar.js">
          <metrics statements="2" coveredstatements="1" conditionals="0" coveredconditionals="0" methods="2" coveredmethods="1"/>
          <line num="8" count="0" type="stmt"/>
          <line num="12" count="2" type="stmt"/>
        </file>
        <file name="SimilarMoviesResultBar.js" path="C:\Users\Stanislav_Bozhanov\Projects\react-mentoring\app\components\SimilarMoviesResultBar.js">
          <metrics statements="1" coveredstatements="1" conditionals="0" coveredconditionals="0" methods="1" coveredmethods="1"/>
          <line num="6" count="2" type="stmt"/>
        </file>
        <file name="SortableResultBar.js" path="C:\Users\Stanislav_Bozhanov\Projects\react-mentoring\app\components\SortableResultBar.js">
          <metrics statements="1" coveredstatements="1" conditionals="0" coveredconditionals="0" methods="1" coveredmethods="1"/>
          <line num="7" count="1" type="stmt"/>
        </file>
      </package>
      <package name="app.components.Movies">
        <metrics statements="7" coveredstatements="3" conditionals="2" coveredconditionals="1" methods="6" coveredmethods="3"/>
        <file name="Movie.js" path="C:\Users\Stanislav_Bozhanov\Projects\react-mentoring\app\components\Movies\Movie.js">
          <metrics statements="3" coveredstatements="0" conditionals="0" coveredconditionals="0" methods="2" coveredmethods="0"/>
          <line num="6" count="0" type="stmt"/>
          <line num="7" count="0" type="stmt"/>
          <line num="12" count="0" type="stmt"/>
        </file>
        <file name="MovieInfo.js" path="C:\Users\Stanislav_Bozhanov\Projects\react-mentoring\app\components\Movies\MovieInfo.js">
          <metrics statements="1" coveredstatements="1" conditionals="0" coveredconditionals="0" methods="1" coveredmethods="1"/>
          <line num="6" count="2" type="stmt"/>
        </file>
        <file name="MovieList.js" path="C:\Users\Stanislav_Bozhanov\Projects\react-mentoring\app\components\Movies\MovieList.js">
          <metrics statements="2" coveredstatements="1" conditionals="2" coveredconditionals="1" methods="2" coveredmethods="1"/>
          <line num="7" count="2" type="stmt"/>
          <line num="11" count="0" type="stmt"/>
        </file>
        <file name="MoviePage.js" path="C:\Users\Stanislav_Bozhanov\Projects\react-mentoring\app\components\Movies\MoviePage.js">
          <metrics statements="1" coveredstatements="1" conditionals="0" coveredconditionals="0" methods="1" coveredmethods="1"/>
          <line num="10" count="1" type="stmt"/>
        </file>
      </package>
      <package name="app.server">
        <metrics statements="10" coveredstatements="0" conditionals="0" coveredconditionals="0" methods="2" coveredmethods="0"/>
        <file name="app.js" path="C:\Users\Stanislav_Bozhanov\Projects\react-mentoring\app\server\app.js">
          <metrics statements="7" coveredstatements="0" conditionals="0" coveredconditionals="0" methods="1" coveredmethods="0"/>
          <line num="1" count="0" type="stmt"/>
          <line num="2" count="0" type="stmt"/>
          <line num="5" count="0" type="stmt"/>
          <line num="8" count="0" type="stmt"/>
          <line num="10" count="0" type="stmt"/>
          <line num="11" count="0" type="stmt"/>
          <line num="14" count="0" type="stmt"/>
        </file>
        <file name="index.js" path="C:\Users\Stanislav_Bozhanov\Projects\react-mentoring\app\server\index.js">
          <metrics statements="3" coveredstatements="0" conditionals="0" coveredconditionals="0" methods="1" coveredmethods="0"/>
          <line num="1" count="0" type="stmt"/>
          <line num="3" count="0" type="stmt"/>
          <line num="5" count="0" type="stmt"/>
        </file>
      </package>
    </metrics>
  </project>
</coverage>
