{"C:\\Users\\Stanislav_Bozhanov\\Projects\\react-mentoring\\app\\index.js": {"path":"C:\\Users\\Stanislav_Bozhanov\\Projects\\react-mentoring\\app\\index.js","statementMap":{"0":{"start":{"line":1,"column":0},"end":{"line":null,"column":-1}},"1":{"start":{"line":2,"column":0},"end":{"line":null,"column":-1}},"2":{"start":{"line":3,"column":0},"end":{"line":null,"column":-1}},"3":{"start":{"line":6,"column":0},"end":{"line":null,"column":-1}},"4":{"start":{"line":9,"column":0},"end":{"line":null,"column":-1}}},"fnMap":{},"branchMap":{},"s":{"0":0,"1":0,"2":0,"3":0,"4":0},"f":{},"b":{}}
,"C:\\Users\\Stanislav_Bozhanov\\Projects\\react-mentoring\\app\\components\\App.js": {"path":"C:\\Users\\Stanislav_Bozhanov\\Projects\\react-mentoring\\app\\components\\App.js","statementMap":{"0":{"start":{"line":1,"column":0},"end":{"line":null,"column":-1}},"1":{"start":{"line":2,"column":0},"end":{"line":null,"column":-1}},"2":{"start":{"line":3,"column":0},"end":{"line":null,"column":-1}},"3":{"start":{"line":4,"column":0},"end":{"line":null,"column":-1}},"4":{"start":{"line":5,"column":0},"end":{"line":null,"column":-1}},"5":{"start":{"line":6,"column":0},"end":{"line":null,"column":-1}},"6":{"start":{"line":7,"column":0},"end":{"line":null,"column":-1}},"7":{"start":{"line":12,"column":4},"end":{"line":null,"column":-1}}},"fnMap":{},"branchMap":{},"s":{"0":0,"1":0,"2":0,"3":0,"4":0,"5":0,"6":0,"7":0},"f":{},"b":{}}
,"C:\\Users\\Stanislav_Bozhanov\\Projects\\react-mentoring\\app\\components\\Dashboard.js": {"path":"C:\\Users\\Stanislav_Bozhanov\\Projects\\react-mentoring\\app\\components\\Dashboard.js","statementMap":{"0":{"start":{"line":1,"column":0},"end":{"line":null,"column":-1}},"1":{"start":{"line":2,"column":0},"end":{"line":null,"column":-1}},"2":{"start":{"line":3,"column":0},"end":{"line":null,"column":-1}},"3":{"start":{"line":4,"column":0},"end":{"line":null,"column":-1}},"4":{"start":{"line":8,"column":16},"end":{"line":null,"column":-1}},"5":{"start":{"line":23,"column":17},"end":{"line":23,"column":4}},"6":{"start":{"line":25,"column":17},"end":{"line":25,"column":4}},"7":{"start":{"line":26,"column":6},"end":{"line":null,"column":-1}},"8":{"start":{"line":28,"column":4},"end":{"line":null,"column":-1}},"9":{"start":{"line":10,"column":4},"end":{"line":null,"column":-1}},"10":{"start":{"line":16,"column":23},"end":{"line":null,"column":-1}},"11":{"start":{"line":17,"column":4},"end":{"line":null,"column":-1}},"12":{"start":{"line":18,"column":12},"end":{"line":null,"column":-1}},"13":{"start":{"line":19,"column":12},"end":{"line":null,"column":-1}},"14":{"start":{"line":32,"column":4},"end":{"line":null,"column":-1}}},"fnMap":{"0":{"name":"Dashboard","decl":{"start":{"line":8,"column":2},"end":{"line":8,"column":15}},"loc":{"start":{"line":8,"column":16},"end":{"line":14,"column":3}}},"1":{"name":"(anonymous_9)","decl":{"start":{"line":22,"column":11},"end":{"line":22,"column":19}},"loc":{"start":{"line":22,"column":20},"end":{"line":8,"column":16}}},"2":{"name":"(anonymous_10)","decl":{"start":{"line":25,"column":31},"end":{"line":25,"column":31}},"loc":{"start":{"line":25,"column":42},"end":{"line":25,"column":17}}},"3":{"name":"(anonymous_12)","decl":{"start":{"line":18,"column":12},"end":{"line":null,"column":-1}},"loc":{"start":{"line":18,"column":12},"end":{"line":17,"column":4}}},"4":{"name":"(anonymous_13)","decl":{"start":{"line":19,"column":12},"end":{"line":null,"column":-1}},"loc":{"start":{"line":19,"column":12},"end":{"line":17,"column":4}}}},"branchMap":{"0":{"loc":{"start":{"line":8,"column":16},"end":{"line":null,"column":-1}},"type":"binary-expr","locations":[{"start":{"line":8,"column":16},"end":{"line":null,"column":-1}},{"start":{"line":8,"column":16},"end":{"line":null,"column":-1}}]}},"s":{"0":0,"1":0,"2":0,"3":0,"4":0,"5":0,"6":0,"7":0,"8":0,"9":0,"10":0,"11":0,"12":0,"13":0,"14":0},"f":{"0":0,"1":0,"2":0,"3":0,"4":0},"b":{"0":[0,0]}}
,"C:\\Users\\Stanislav_Bozhanov\\Projects\\react-mentoring\\app\\components\\ErrorBoundary.js": {"path":"C:\\Users\\Stanislav_Bozhanov\\Projects\\react-mentoring\\app\\components\\ErrorBoundary.js","statementMap":{"0":{"start":{"line":1,"column":0},"end":{"line":null,"column":-1}},"1":{"start":{"line":5,"column":21},"end":{"line":null,"column":-1}},"2":{"start":{"line":7,"column":4},"end":{"line":null,"column":-1}},"3":{"start":{"line":11,"column":4},"end":{"line":null,"column":-1}},"4":{"start":{"line":19,"column":4},"end":{"line":30,"column":5}},"5":{"start":{"line":20,"column":6},"end":{"line":null,"column":-1}},"6":{"start":{"line":31,"column":4},"end":{"line":null,"column":-1}}},"fnMap":{"0":{"name":"ErrorBoundary","decl":{"start":{"line":5,"column":2},"end":{"line":5,"column":13}},"loc":{"start":{"line":5,"column":21},"end":{"line":8,"column":3}}}},"branchMap":{"0":{"loc":{"start":{"line":5,"column":21},"end":{"line":6,"column":9}},"type":"binary-expr","locations":[{"start":{"line":5,"column":21},"end":{"line":6,"column":9}},{"start":{"line":5,"column":21},"end":{"line":6,"column":9}}]},"1":{"loc":{"start":{"line":19,"column":4},"end":{"line":30,"column":5}},"type":"if","locations":[{"start":{"line":19,"column":4},"end":{"line":30,"column":5}},{"start":{"line":19,"column":4},"end":{"line":30,"column":5}}]},"2":{"loc":{"start":{"line":24,"column":13},"end":{"line":24,"column":12}},"type":"binary-expr","locations":[{"start":{"line":24,"column":13},"end":{"line":24,"column":12}},{"start":{"line":24,"column":33},"end":{"line":23,"column":10}}]}},"s":{"0":0,"1":0,"2":0,"3":0,"4":0,"5":0,"6":0},"f":{"0":0},"b":{"0":[0,0],"1":[0,0],"2":[0,0]}}
,"C:\\Users\\Stanislav_Bozhanov\\Projects\\react-mentoring\\app\\components\\Footer.js": {"path":"C:\\Users\\Stanislav_Bozhanov\\Projects\\react-mentoring\\app\\components\\Footer.js","statementMap":{"0":{"start":{"line":3,"column":15},"end":{"line":5,"column":9}},"1":{"start":{"line":3,"column":26},"end":{"line":5,"column":9}}},"fnMap":{"0":{"name":"(anonymous_0)","decl":{"start":{"line":3,"column":15},"end":{"line":3,"column":16}},"loc":{"start":{"line":3,"column":26},"end":{"line":5,"column":9}},"line":3}},"branchMap":{},"s":{"0":1,"1":1},"f":{"0":1},"b":{},"_coverageSchema":"332fd63041d2c1bcb487cc26dd0d5f7d97098a6c","hash":"52a3c6f4f17e59e9ac47f96a9bf584287289c3e6"}
,"C:\\Users\\Stanislav_Bozhanov\\Projects\\react-mentoring\\app\\components\\NotFound.js": {"path":"C:\\Users\\Stanislav_Bozhanov\\Projects\\react-mentoring\\app\\components\\NotFound.js","statementMap":{"0":{"start":{"line":1,"column":0},"end":{"line":null,"column":-1}},"1":{"start":{"line":2,"column":0},"end":{"line":null,"column":-1}},"2":{"start":{"line":7,"column":4},"end":{"line":null,"column":-1}}},"fnMap":{},"branchMap":{},"s":{"0":0,"1":0,"2":0},"f":{},"b":{}}
,"C:\\Users\\Stanislav_Bozhanov\\Projects\\react-mentoring\\app\\components\\ResultBar.js": {"path":"C:\\Users\\Stanislav_Bozhanov\\Projects\\react-mentoring\\app\\components\\ResultBar.js","statementMap":{"0":{"start":{"line":6,"column":4},"end":{"line":6,"column":17}},"1":{"start":{"line":7,"column":4},"end":{"line":10,"column":5}},"2":{"start":{"line":14,"column":4},"end":{"line":16,"column":6}}},"fnMap":{"0":{"name":"(anonymous_0)","decl":{"start":{"line":5,"column":2},"end":{"line":5,"column":3}},"loc":{"start":{"line":5,"column":21},"end":{"line":11,"column":3}},"line":5},"1":{"name":"(anonymous_1)","decl":{"start":{"line":13,"column":2},"end":{"line":13,"column":3}},"loc":{"start":{"line":13,"column":11},"end":{"line":17,"column":3}},"line":13}},"branchMap":{},"s":{"0":1,"1":1,"2":1},"f":{"0":1,"1":1},"b":{},"_coverageSchema":"332fd63041d2c1bcb487cc26dd0d5f7d97098a6c","hash":"8716ab19ef4ed18f6c58bfc007422c63a7064670"}
,"C:\\Users\\Stanislav_Bozhanov\\Projects\\react-mentoring\\app\\components\\SearchBar.js": {"path":"C:\\Users\\Stanislav_Bozhanov\\Projects\\react-mentoring\\app\\components\\SearchBar.js","statementMap":{"0":{"start":{"line":8,"column":4},"end":{"line":8,"column":52}},"1":{"start":{"line":12,"column":4},"end":{"line":24,"column":5}}},"fnMap":{"0":{"name":"(anonymous_0)","decl":{"start":{"line":7,"column":17},"end":{"line":7,"column":18}},"loc":{"start":{"line":7,"column":23},"end":{"line":9,"column":3}},"line":7},"1":{"name":"(anonymous_1)","decl":{"start":{"line":11,"column":2},"end":{"line":11,"column":3}},"loc":{"start":{"line":11,"column":11},"end":{"line":25,"column":3}},"line":11}},"branchMap":{},"s":{"0":0,"1":2},"f":{"0":0,"1":2},"b":{},"_coverageSchema":"332fd63041d2c1bcb487cc26dd0d5f7d97098a6c","hash":"a8575c1098b2185b4a0ce629934eb3996451e4c5"}
,"C:\\Users\\Stanislav_Bozhanov\\Projects\\react-mentoring\\app\\components\\SimilarMoviesResultBar.js": {"path":"C:\\Users\\Stanislav_Bozhanov\\Projects\\react-mentoring\\app\\components\\SimilarMoviesResultBar.js","statementMap":{"0":{"start":{"line":6,"column":4},"end":{"line":10,"column":5}}},"fnMap":{"0":{"name":"(anonymous_0)","decl":{"start":{"line":5,"column":2},"end":{"line":5,"column":3}},"loc":{"start":{"line":5,"column":11},"end":{"line":11,"column":3}},"line":5}},"branchMap":{},"s":{"0":2},"f":{"0":2},"b":{},"_coverageSchema":"332fd63041d2c1bcb487cc26dd0d5f7d97098a6c","hash":"0d8032ed1918a1cd9ed20713cccdbc2292de61f3"}
,"C:\\Users\\Stanislav_Bozhanov\\Projects\\react-mentoring\\app\\components\\SortableResultBar.js": {"path":"C:\\Users\\Stanislav_Bozhanov\\Projects\\react-mentoring\\app\\components\\SortableResultBar.js","statementMap":{"0":{"start":{"line":7,"column":4},"end":{"line":16,"column":6}}},"fnMap":{"0":{"name":"(anonymous_0)","decl":{"start":{"line":6,"column":2},"end":{"line":6,"column":3}},"loc":{"start":{"line":6,"column":11},"end":{"line":17,"column":3}},"line":6}},"branchMap":{},"s":{"0":1},"f":{"0":1},"b":{},"_coverageSchema":"332fd63041d2c1bcb487cc26dd0d5f7d97098a6c","hash":"f491a0ab8e95137bb24531c2d04acddae48c27ec"}
,"C:\\Users\\Stanislav_Bozhanov\\Projects\\react-mentoring\\app\\components\\Movies\\Movie.js": {"path":"C:\\Users\\Stanislav_Bozhanov\\Projects\\react-mentoring\\app\\components\\Movies\\Movie.js","statementMap":{"0":{"start":{"line":6,"column":16},"end":{"line":6,"column":32}},"1":{"start":{"line":7,"column":4},"end":{"line":14,"column":5}},"2":{"start":{"line":12,"column":35},"end":{"line":12,"column":68}}},"fnMap":{"0":{"name":"(anonymous_0)","decl":{"start":{"line":5,"column":2},"end":{"line":5,"column":3}},"loc":{"start":{"line":5,"column":11},"end":{"line":15,"column":3}},"line":5},"1":{"name":"(anonymous_1)","decl":{"start":{"line":12,"column":26},"end":{"line":12,"column":27}},"loc":{"start":{"line":12,"column":35},"end":{"line":12,"column":68}},"line":12}},"branchMap":{},"s":{"0":0,"1":0,"2":0},"f":{"0":0,"1":0},"b":{},"_coverageSchema":"332fd63041d2c1bcb487cc26dd0d5f7d97098a6c","hash":"725513477a02e0c4fb80b61f819286e43714edae"}
,"C:\\Users\\Stanislav_Bozhanov\\Projects\\react-mentoring\\app\\components\\Movies\\MovieInfo.js": {"path":"C:\\Users\\Stanislav_Bozhanov\\Projects\\react-mentoring\\app\\components\\Movies\\MovieInfo.js","statementMap":{"0":{"start":{"line":6,"column":4},"end":{"line":14,"column":5}}},"fnMap":{"0":{"name":"(anonymous_0)","decl":{"start":{"line":5,"column":2},"end":{"line":5,"column":3}},"loc":{"start":{"line":5,"column":11},"end":{"line":15,"column":3}},"line":5}},"branchMap":{},"s":{"0":2},"f":{"0":2},"b":{},"_coverageSchema":"332fd63041d2c1bcb487cc26dd0d5f7d97098a6c","hash":"72b209a6b7c2f0f735cae085a5d1af1457569e5e"}
,"C:\\Users\\Stanislav_Bozhanov\\Projects\\react-mentoring\\app\\components\\Movies\\MovieList.js": {"path":"C:\\Users\\Stanislav_Bozhanov\\Projects\\react-mentoring\\app\\components\\Movies\\MovieList.js","statementMap":{"0":{"start":{"line":7,"column":4},"end":{"line":16,"column":5}},"1":{"start":{"line":11,"column":45},"end":{"line":11,"column":85}}},"fnMap":{"0":{"name":"(anonymous_0)","decl":{"start":{"line":6,"column":2},"end":{"line":6,"column":3}},"loc":{"start":{"line":6,"column":11},"end":{"line":17,"column":3}},"line":6},"1":{"name":"(anonymous_1)","decl":{"start":{"line":11,"column":34},"end":{"line":11,"column":35}},"loc":{"start":{"line":11,"column":45},"end":{"line":11,"column":85}},"line":11}},"branchMap":{"0":{"loc":{"start":{"line":10,"column":12},"end":{"line":12,"column":38}},"type":"cond-expr","locations":[{"start":{"line":11,"column":12},"end":{"line":11,"column":86}},{"start":{"line":12,"column":12},"end":{"line":12,"column":38}}],"line":10}},"s":{"0":2,"1":0},"f":{"0":2,"1":0},"b":{"0":[0,2]},"_coverageSchema":"332fd63041d2c1bcb487cc26dd0d5f7d97098a6c","hash":"8ca23a60df52324eacd8cf920ae1493292d210ca"}
,"C:\\Users\\Stanislav_Bozhanov\\Projects\\react-mentoring\\app\\components\\Movies\\MoviePage.js": {"path":"C:\\Users\\Stanislav_Bozhanov\\Projects\\react-mentoring\\app\\components\\Movies\\MoviePage.js","statementMap":{"0":{"start":{"line":10,"column":4},"end":{"line":16,"column":6}}},"fnMap":{"0":{"name":"(anonymous_0)","decl":{"start":{"line":9,"column":2},"end":{"line":9,"column":3}},"loc":{"start":{"line":9,"column":11},"end":{"line":17,"column":3}},"line":9}},"branchMap":{},"s":{"0":1},"f":{"0":1},"b":{},"_coverageSchema":"332fd63041d2c1bcb487cc26dd0d5f7d97098a6c","hash":"23614a252fa1efc1df91972c5483d2713c730372"}
,"C:\\Users\\Stanislav_Bozhanov\\Projects\\react-mentoring\\app\\server\\app.js": {"path":"C:\\Users\\Stanislav_Bozhanov\\Projects\\react-mentoring\\app\\server\\app.js","statementMap":{"0":{"start":{"line":1,"column":13},"end":{"line":1,"column":0}},"1":{"start":{"line":2,"column":16},"end":{"line":2,"column":0}},"2":{"start":{"line":5,"column":12},"end":{"line":5,"column":0}},"3":{"start":{"line":8,"column":0},"end":{"line":null,"column":-1}},"4":{"start":{"line":10,"column":0},"end":{"line":null,"column":-1}},"5":{"start":{"line":11,"column":2},"end":{"line":null,"column":-1}},"6":{"start":{"line":14,"column":0},"end":{"line":null,"column":-1}}},"fnMap":{"0":{"name":"(anonymous_0)","decl":{"start":{"line":10,"column":13},"end":{"line":10,"column":13}},"loc":{"start":{"line":10,"column":27},"end":{"line":10,"column":0}}}},"branchMap":{},"s":{"0":0,"1":0,"2":0,"3":0,"4":0,"5":0,"6":0},"f":{"0":0},"b":{}}
,"C:\\Users\\Stanislav_Bozhanov\\Projects\\react-mentoring\\app\\server\\index.js": {"path":"C:\\Users\\Stanislav_Bozhanov\\Projects\\react-mentoring\\app\\server\\index.js","statementMap":{"0":{"start":{"line":1,"column":12},"end":{"line":1,"column":0}},"1":{"start":{"line":3,"column":13},"end":{"line":3,"column":0}},"2":{"start":{"line":5,"column":0},"end":{"line":null,"column":-1}},"3":{"start":{"line":5,"column":17},"end":{"line":null,"column":-1}}},"fnMap":{"0":{"name":"(anonymous_0)","decl":{"start":{"line":5,"column":17},"end":{"line":null,"column":-1}},"loc":{"start":{"line":5,"column":17},"end":{"line":5,"column":0}}}},"branchMap":{},"s":{"0":0,"1":0,"2":0,"3":0},"f":{"0":0},"b":{}}
}
