TN:
SF:C:\Users\Stanislav_Bozhanov\Projects\react-mentoring\app\index.js
FNF:0
FNH:0
DA:1,0
DA:2,0
DA:3,0
DA:6,0
DA:9,0
LF:5
LH:0
BRF:0
BRH:0
end_of_record
TN:
SF:C:\Users\Stanislav_Bozhanov\Projects\react-mentoring\app\components\App.js
FNF:0
FNH:0
DA:1,0
DA:2,0
DA:3,0
DA:4,0
DA:5,0
DA:6,0
DA:7,0
DA:12,0
LF:8
LH:0
BRF:0
BRH:0
end_of_record
TN:
SF:C:\Users\Stanislav_Bozhanov\Projects\react-mentoring\app\components\Dashboard.js
FN:8,Dashboard
FN:22,(anonymous_9)
FN:25,(anonymous_10)
FN:18,(anonymous_12)
FN:19,(anonymous_13)
FNF:5
FNH:0
FNDA:0,Dashboard
FNDA:0,(anonymous_9)
FNDA:0,(anonymous_10)
FNDA:0,(anonymous_12)
FNDA:0,(anonymous_13)
DA:1,0
DA:2,0
DA:3,0
DA:4,0
DA:8,0
DA:10,0
DA:16,0
DA:17,0
DA:18,0
DA:19,0
DA:23,0
DA:25,0
DA:26,0
DA:28,0
DA:32,0
LF:15
LH:0
BRDA:8,0,0,0
BRDA:8,0,1,0
BRF:2
BRH:0
end_of_record
TN:
SF:C:\Users\Stanislav_Bozhanov\Projects\react-mentoring\app\components\ErrorBoundary.js
FN:5,ErrorBoundary
FNF:1
FNH:0
FNDA:0,ErrorBoundary
DA:1,0
DA:5,0
DA:7,0
DA:11,0
DA:19,0
DA:20,0
DA:31,0
LF:7
LH:0
BRDA:5,0,0,0
BRDA:5,0,1,0
BRDA:19,1,0,0
BRDA:19,1,1,0
BRDA:24,2,0,0
BRDA:24,2,1,0
BRF:6
BRH:0
end_of_record
TN:
SF:C:\Users\Stanislav_Bozhanov\Projects\react-mentoring\app\components\Footer.js
FN:3,(anonymous_0)
FNF:1
FNH:1
FNDA:1,(anonymous_0)
DA:3,1
LF:1
LH:1
BRF:0
BRH:0
end_of_record
TN:
SF:C:\Users\Stanislav_Bozhanov\Projects\react-mentoring\app\components\NotFound.js
FNF:0
FNH:0
DA:1,0
DA:2,0
DA:7,0
LF:3
LH:0
BRF:0
BRH:0
end_of_record
TN:
SF:C:\Users\Stanislav_Bozhanov\Projects\react-mentoring\app\components\ResultBar.js
FN:5,(anonymous_0)
FN:13,(anonymous_1)
FNF:2
FNH:2
FNDA:1,(anonymous_0)
FNDA:1,(anonymous_1)
DA:6,1
DA:7,1
DA:14,1
LF:3
LH:3
BRF:0
BRH:0
end_of_record
TN:
SF:C:\Users\Stanislav_Bozhanov\Projects\react-mentoring\app\components\SearchBar.js
FN:7,(anonymous_0)
FN:11,(anonymous_1)
FNF:2
FNH:1
FNDA:0,(anonymous_0)
FNDA:2,(anonymous_1)
DA:8,0
DA:12,2
LF:2
LH:1
BRF:0
BRH:0
end_of_record
TN:
SF:C:\Users\Stanislav_Bozhanov\Projects\react-mentoring\app\components\SimilarMoviesResultBar.js
FN:5,(anonymous_0)
FNF:1
FNH:1
FNDA:2,(anonymous_0)
DA:6,2
LF:1
LH:1
BRF:0
BRH:0
end_of_record
TN:
SF:C:\Users\Stanislav_Bozhanov\Projects\react-mentoring\app\components\SortableResultBar.js
FN:6,(anonymous_0)
FNF:1
FNH:1
FNDA:1,(anonymous_0)
DA:7,1
LF:1
LH:1
BRF:0
BRH:0
end_of_record
TN:
SF:C:\Users\Stanislav_Bozhanov\Projects\react-mentoring\app\components\Movies\Movie.js
FN:5,(anonymous_0)
FN:12,(anonymous_1)
FNF:2
FNH:0
FNDA:0,(anonymous_0)
FNDA:0,(anonymous_1)
DA:6,0
DA:7,0
DA:12,0
LF:3
LH:0
BRF:0
BRH:0
end_of_record
TN:
SF:C:\Users\Stanislav_Bozhanov\Projects\react-mentoring\app\components\Movies\MovieInfo.js
FN:5,(anonymous_0)
FNF:1
FNH:1
FNDA:2,(anonymous_0)
DA:6,2
LF:1
LH:1
BRF:0
BRH:0
end_of_record
TN:
SF:C:\Users\Stanislav_Bozhanov\Projects\react-mentoring\app\components\Movies\MovieList.js
FN:6,(anonymous_0)
FN:11,(anonymous_1)
FNF:2
FNH:1
FNDA:2,(anonymous_0)
FNDA:0,(anonymous_1)
DA:7,2
DA:11,0
LF:2
LH:1
BRDA:10,0,0,0
BRDA:10,0,1,2
BRF:2
BRH:1
end_of_record
TN:
SF:C:\Users\Stanislav_Bozhanov\Projects\react-mentoring\app\components\Movies\MoviePage.js
FN:9,(anonymous_0)
FNF:1
FNH:1
FNDA:1,(anonymous_0)
DA:10,1
LF:1
LH:1
BRF:0
BRH:0
end_of_record
TN:
SF:C:\Users\Stanislav_Bozhanov\Projects\react-mentoring\app\server\app.js
FN:10,(anonymous_0)
FNF:1
FNH:0
FNDA:0,(anonymous_0)
DA:1,0
DA:2,0
DA:5,0
DA:8,0
DA:10,0
DA:11,0
DA:14,0
LF:7
LH:0
BRF:0
BRH:0
end_of_record
TN:
SF:C:\Users\Stanislav_Bozhanov\Projects\react-mentoring\app\server\index.js
FN:5,(anonymous_0)
FNF:1
FNH:0
FNDA:0,(anonymous_0)
DA:1,0
DA:3,0
DA:5,0
LF:3
LH:0
BRF:0
BRH:0
end_of_record
